This file contains any messages produced by compilers while
running configure, to aid debugging if configure makes a mistake.

It was created by configure, which was
generated by GNU Autoconf 2.69.  Invocation command line was

  $ ./configure --prefix=/usr/local

## --------- ##
## Platform. ##
## --------- ##

hostname = MacBook-Pro-di-Lorenzo.local
uname -m = x86_64
uname -r = 21.6.0
uname -s = Darwin
uname -v = Darwin Kernel Version 21.6.0: Thu Sep 29 20:12:57 PDT 2022; root:xnu-8020.240.7~1/RELEASE_X86_64

/usr/bin/uname -p = i386
/bin/uname -X     = unknown

/bin/arch              = unknown
/usr/bin/arch -k       = unknown
/usr/convex/getsysinfo = unknown
/usr/bin/hostinfo      = Mach kernel version:
	 Darwin Kernel Version 21.6.0: Thu Sep 29 20:12:57 PDT 2022; root:xnu-8020.240.7~1/RELEASE_X86_64
Kernel configured for up to 8 processors.
4 processors are physically available.
8 processors are logically available.
Processor type: x86_64h (Intel x86-64h Haswell)
Processors active: 0 1 2 3 4 5 6 7
Primary memory available: 16.00 gigabytes
Default processor set: 562 tasks, 1943 threads, 8 processors
Load average: 2.01, Mach factor: 6.04
/bin/machine           = unknown
/usr/bin/oslevel       = unknown
/bin/universe          = unknown

PATH: /usr/local/opt/gettext/bin
PATH: /usr/local/bin
PATH: /usr/bin
PATH: /bin
PATH: /usr/sbin
PATH: /sbin
PATH: /Library/TeX/texbin
PATH: /opt/X11/bin
PATH: /Library/Apple/usr/bin
PATH: /Library/Frameworks/Mono.framework/Versions/Current/Commands
PATH: /Users/lorenzorossi/bin
PATH: /Users/lorenzorossi/DVcompile/bin
PATH: /Applications/Xcode.app/Contents/Developer/Toolchains/XcodeDefault.xctoolchain/usr/bin
PATH: /Users/lorenzorossi/bin
PATH: /Users/lorenzorossi/DVcompile/bin
PATH: /Applications/Xcode.app/Contents/Developer/Toolchains/XcodeDefault.xctoolchain/usr/bin


## ----------- ##
## Core tests. ##
## ----------- ##

configure:1912: checking for gcc
configure:1939: result: gcc
configure:2168: checking for C compiler version
configure:2177: gcc --version >&5
Apple clang version 14.0.0 (clang-1400.0.29.202)
Target: x86_64-apple-darwin21.6.0
Thread model: posix
InstalledDir: /Library/Developer/CommandLineTools/usr/bin
configure:2188: $? = 0
configure:2177: gcc -v >&5
Apple clang version 14.0.0 (clang-1400.0.29.202)
Target: x86_64-apple-darwin21.6.0
Thread model: posix
InstalledDir: /Library/Developer/CommandLineTools/usr/bin
configure:2188: $? = 0
configure:2177: gcc -V >&5
clang: error: argument to '-V' is missing (expected 1 value)
clang: error: no input files
configure:2188: $? = 1
configure:2177: gcc -qversion >&5
clang: error: unknown argument '-qversion'; did you mean '--version'?
clang: error: no input files
configure:2188: $? = 1
configure:2208: checking whether the C compiler works
configure:2230: gcc -O6 -I/usr/local/include -L/usr/local/lib conftest.c  >&5
warning: optimization level '-O6' is not supported; using '-O3' instead
1 warning generated.
configure:2234: $? = 0
configure:2282: result: yes
configure:2285: checking for C compiler default output file name
configure:2287: result: a.out
configure:2293: checking for suffix of executables
configure:2300: gcc -o conftest -O6 -I/usr/local/include -L/usr/local/lib conftest.c  >&5
warning: optimization level '-O6' is not supported; using '-O3' instead
1 warning generated.
configure:2304: $? = 0
configure:2326: result: 
configure:2348: checking whether we are cross compiling
configure:2356: gcc -o conftest -O6 -I/usr/local/include -L/usr/local/lib conftest.c  >&5
warning: optimization level '-O6' is not supported; using '-O3' instead
1 warning generated.
configure:2360: $? = 0
configure:2367: ./conftest
configure:2371: $? = 0
configure:2386: result: no
configure:2391: checking for suffix of object files
configure:2413: gcc -c -O6 -I/usr/local/include conftest.c >&5
warning: optimization level '-O6' is not supported; using '-O3' instead
1 warning generated.
configure:2417: $? = 0
configure:2438: result: o
configure:2442: checking whether we are using the GNU C compiler
configure:2461: gcc -c -O6 -I/usr/local/include conftest.c >&5
warning: optimization level '-O6' is not supported; using '-O3' instead
1 warning generated.
configure:2461: $? = 0
configure:2470: result: yes
configure:2479: checking whether gcc accepts -g
configure:2499: gcc -c -g -I/usr/local/include conftest.c >&5
configure:2499: $? = 0
configure:2540: result: yes
configure:2557: checking for gcc option to accept ISO C89
configure:2620: gcc  -c -O6 -I/usr/local/include conftest.c >&5
warning: optimization level '-O6' is not supported; using '-O3' instead
1 warning generated.
configure:2620: $? = 0
configure:2633: result: none needed
configure:2708: checking for Unix/Compiler flavour
configure:3264: result: Warning! Unimplemented version of gfortran encountered
configure:3327: result: DARWIN
configure:3495: checking for gcc
configure:3522: result: gcc
configure:3751: checking for C compiler version
configure:3760: gcc --version >&5
Apple clang version 14.0.0 (clang-1400.0.29.202)
Target: x86_64-apple-darwin21.6.0
Thread model: posix
InstalledDir: /Library/Developer/CommandLineTools/usr/bin
configure:3771: $? = 0
configure:3760: gcc -v >&5
Apple clang version 14.0.0 (clang-1400.0.29.202)
Target: x86_64-apple-darwin21.6.0
Thread model: posix
InstalledDir: /Library/Developer/CommandLineTools/usr/bin
configure:3771: $? = 0
configure:3760: gcc -V >&5
clang: error: argument to '-V' is missing (expected 1 value)
clang: error: no input files
configure:3771: $? = 1
configure:3760: gcc -qversion >&5
clang: error: unknown argument '-qversion'; did you mean '--version'?
clang: error: no input files
configure:3771: $? = 1
configure:3775: checking whether we are using the GNU C compiler
configure:3803: result: yes
configure:3812: checking whether gcc accepts -g
configure:3873: result: yes
configure:3890: checking for gcc option to accept ISO C89
configure:3966: result: none needed
configure:3988: checking for strdup
configure:3988: gcc -o conftest -O6 -I/usr/local/include -I/opt/local/include -DDARWIN -D__L -DWant_c_files -L/usr/local/lib -L/usr/X11R6/lib -L/sw/lib -L/usr/local/gfortran/lib -L/opt/local/lib conftest.c  >&5
warning: optimization level '-O6' is not supported; using '-O3' instead
conftest.c:32:6: warning: incompatible redeclaration of library function 'strdup' [-Wincompatible-library-redeclaration]
char strdup ();
     ^
conftest.c:32:6: note: 'strdup' is a builtin with type 'char *(const char *)'
2 warnings generated.
ld: warning: directory not found for option '-L/usr/X11R6/lib'
ld: warning: directory not found for option '-L/sw/lib'
configure:3988: $? = 0
configure:3988: result: yes
configure:4000: checking for perl
configure:4016: found /usr/bin/perl
configure:4028: result: perl
configure:4038: checking for ranlib
configure:4054: found /usr/bin/ranlib
configure:4066: result: ranlib
configure:4076: checking for ar
configure:4092: found /usr/bin/ar
configure:4104: result: ar
configure:4907: checking for Fortran 77 compiler
configure:4982: result: gfortran
configure:6796: checking for Fortran 77 flags (with optimization)
configure:6882: result: -O6 -fno-second-underscore
configure:6884: checking for Fortran 77 flags (without optimization)
configure:6886: result: -fno-second-underscore
configure:6892: checking for Fortran 77 real*8 default flag
configure:6916: result:  
configure:7714: checking for Fortran 77 include stem
configure:7737: result: -I
configure:7743: checking whether Fortran 77 supports 'system()'
configure:7772: result: yes
configure:7779: checking whether Fortran 77 supports 'mkdir()'

## ---------------- ##
## Cache variables. ##
## ---------------- ##

ac_cv_bbh_f77_has_system=yes
ac_cv_bbh_nproc=1
ac_cv_bbh_prog_f77=gfortran
ac_cv_bbh_prog_f77flags='-O6 -fno-second-underscore'
ac_cv_bbh_prog_f77incstem=-I
ac_cv_bbh_prog_f77r8flag=' '
ac_cv_bbh_system=DARWIN
ac_cv_c_compiler_gnu=yes
ac_cv_env_CC_set=set
ac_cv_env_CC_value=gcc
ac_cv_env_CFLAGS_set=set
ac_cv_env_CFLAGS_value=-O6
ac_cv_env_CPPFLAGS_set=set
ac_cv_env_CPPFLAGS_value=-I/usr/local/include
ac_cv_env_LDFLAGS_set=set
ac_cv_env_LDFLAGS_value=-L/usr/local/lib
ac_cv_env_LIBS_set=
ac_cv_env_LIBS_value=
ac_cv_env_build_alias_set=
ac_cv_env_build_alias_value=
ac_cv_env_host_alias_set=
ac_cv_env_host_alias_value=
ac_cv_env_target_alias_set=
ac_cv_env_target_alias_value=
ac_cv_func_strdup=yes
ac_cv_objext=o
ac_cv_prog_AR=ar
ac_cv_prog_PERL=perl
ac_cv_prog_RANLIB=ranlib
ac_cv_prog_ac_ct_CC=gcc
ac_cv_prog_cc_c89=
ac_cv_prog_cc_g=yes

## ----------------- ##
## Output variables. ##
## ----------------- ##

AR='ar'
BBH_DEFS=' -DF77_HAS_SYSTEM'
BBH_MISC_FLFLAGS=''
BBH_MISC_FLIBS=''
BBH_NPROC='1'
BBH_RNPL_FLAGS=''
BBH_SYSTEM='DARWIN'
CC='gcc'
CCF77LIBS='-lgfortran -lm'
CC_TRANSFORM='cat'
CFLAGS='-O6'
CFLAGS_NOOPT=''
CPPFLAGS='-I/usr/local/include -I/opt/local/include -DDARWIN -D__L -DWant_c_files'
CXXF90LIBS=''
CXXFLAGS='-O6 -DDARWIN -I/opt/local/include -D__L -DWant_c_files'
CXXREPOSITORY=''
DEFS=''
ECHO_C='\c'
ECHO_N=''
ECHO_T=''
EXEEXT=''
F77='gfortran'
F77FLAGS='-O6 -fno-second-underscore'
F77FLAGSNOOPT='-fno-second-underscore'
F77INCSTEM='-I'
F77R8FLAG=' '
F77_TRANSFORM='touch'
LDFLAGS='-L/usr/local/lib -L/usr/X11R6/lib -L/sw/lib -L/usr/local/gfortran/lib -L/opt/local/lib'
LIBGL='-lXpm -lGLU -lGL -lXext -lX11 -lm'
LIBGLUT='-lXpm -lglut -lGLU -lGL -lXmu -lXi -lXext -lX11 -lm'
LIBOBJS=''
LIBS=''
LTLIBOBJS=''
OBJEXT='o'
PACKAGE_BUGREPORT=''
PACKAGE_NAME=''
PACKAGE_STRING=''
PACKAGE_TARNAME=''
PACKAGE_URL=''
PACKAGE_VERSION=''
PATH_SEPARATOR=':'
PERL='perl'
RANLIB='ranlib'
RPCGEN_CPPFLAGS='-U__STDC__'
SHELL='/bin/sh'
ac_ct_CC='gcc'
ac_cv_bbh_prog_f77='gfortran'
bindir='${exec_prefix}/bin'
build_alias=''
datadir='${datarootdir}'
datarootdir='${prefix}/share'
docdir='${datarootdir}/doc/${PACKAGE}'
dvidir='${docdir}'
exec_prefix='NONE'
host_alias=''
htmldir='${docdir}'
includedir='${prefix}/include'
infodir='${datarootdir}/info'
libdir='${exec_prefix}/lib'
libexecdir='${exec_prefix}/libexec'
localedir='${datarootdir}/locale'
localstatedir='${prefix}/var'
mandir='${datarootdir}/man'
oldincludedir='/usr/include'
pdfdir='${docdir}'
prefix='/usr/local'
program_transform_name='s,x,x,'
psdir='${docdir}'
sbindir='${exec_prefix}/sbin'
sharedstatedir='${prefix}/com'
sysconfdir='${prefix}/etc'
target_alias=''

## ----------- ##
## confdefs.h. ##
## ----------- ##

/* confdefs.h */
#define PACKAGE_NAME ""
#define PACKAGE_TARNAME ""
#define PACKAGE_VERSION ""
#define PACKAGE_STRING ""
#define PACKAGE_BUGREPORT ""
#define PACKAGE_URL ""
#define HAVE_STRDUP 1

configure: caught signal 2
configure: exit 1
