This file contains any messages produced by compilers while
running configure, to aid debugging if configure makes a mistake.

It was created by configure, which was
generated by GNU Autoconf 2.69.  Invocation command line was

  $ ./configure --prefix=/usr/local

## --------- ##
## Platform. ##
## --------- ##

hostname = MacBook-Pro-di-Lorenzo.local
uname -m = x86_64
uname -r = 21.6.0
uname -s = Darwin
uname -v = Darwin Kernel Version 21.6.0: Thu Sep 29 20:12:57 PDT 2022; root:xnu-8020.240.7~1/RELEASE_X86_64

/usr/bin/uname -p = i386
/bin/uname -X     = unknown

/bin/arch              = unknown
/usr/bin/arch -k       = unknown
/usr/convex/getsysinfo = unknown
/usr/bin/hostinfo      = Mach kernel version:
	 Darwin Kernel Version 21.6.0: Thu Sep 29 20:12:57 PDT 2022; root:xnu-8020.240.7~1/RELEASE_X86_64
Kernel configured for up to 8 processors.
4 processors are physically available.
8 processors are logically available.
Processor type: x86_64h (Intel x86-64h Haswell)
Processors active: 0 1 2 3 4 5 6 7
Primary memory available: 16.00 gigabytes
Default processor set: 562 tasks, 1945 threads, 8 processors
Load average: 4.56, Mach factor: 4.19
/bin/machine           = unknown
/usr/bin/oslevel       = unknown
/bin/universe          = unknown

PATH: /usr/local/opt/gettext/bin
PATH: /usr/local/bin
PATH: /usr/bin
PATH: /bin
PATH: /usr/sbin
PATH: /sbin
PATH: /Library/TeX/texbin
PATH: /opt/X11/bin
PATH: /Library/Apple/usr/bin
PATH: /Library/Frameworks/Mono.framework/Versions/Current/Commands
PATH: /Users/lorenzorossi/bin
PATH: /Users/lorenzorossi/DVcompile/bin
PATH: /Applications/Xcode.app/Contents/Developer/Toolchains/XcodeDefault.xctoolchain/usr/bin
PATH: /Users/lorenzorossi/bin
PATH: /Users/lorenzorossi/DVcompile/bin
PATH: /Applications/Xcode.app/Contents/Developer/Toolchains/XcodeDefault.xctoolchain/usr/bin


## ----------- ##
## Core tests. ##
## ----------- ##

configure:2012: checking for gcc
configure:2039: result: gcc
configure:2268: checking for C compiler version
configure:2277: gcc --version >&5
Apple clang version 14.0.0 (clang-1400.0.29.202)
Target: x86_64-apple-darwin21.6.0
Thread model: posix
InstalledDir: /Library/Developer/CommandLineTools/usr/bin
configure:2288: $? = 0
configure:2277: gcc -v >&5
Apple clang version 14.0.0 (clang-1400.0.29.202)
Target: x86_64-apple-darwin21.6.0
Thread model: posix
InstalledDir: /Library/Developer/CommandLineTools/usr/bin
configure:2288: $? = 0
configure:2277: gcc -V >&5
clang: error: argument to '-V' is missing (expected 1 value)
clang: error: no input files
configure:2288: $? = 1
configure:2277: gcc -qversion >&5
clang: error: unknown argument '-qversion'; did you mean '--version'?
clang: error: no input files
configure:2288: $? = 1
configure:2308: checking whether the C compiler works
configure:2330: gcc -O6 -I/usr/local/include -L/usr/local/lib conftest.c  >&5
warning: optimization level '-O6' is not supported; using '-O3' instead
1 warning generated.
configure:2334: $? = 0
configure:2382: result: yes
configure:2385: checking for C compiler default output file name
configure:2387: result: a.out
configure:2393: checking for suffix of executables
configure:2400: gcc -o conftest -O6 -I/usr/local/include -L/usr/local/lib conftest.c  >&5
warning: optimization level '-O6' is not supported; using '-O3' instead
1 warning generated.
configure:2404: $? = 0
configure:2426: result: 
configure:2448: checking whether we are cross compiling
configure:2456: gcc -o conftest -O6 -I/usr/local/include -L/usr/local/lib conftest.c  >&5
warning: optimization level '-O6' is not supported; using '-O3' instead
1 warning generated.
configure:2460: $? = 0
configure:2467: ./conftest
configure:2471: $? = 0
configure:2486: result: no
configure:2491: checking for suffix of object files
configure:2513: gcc -c -O6 -I/usr/local/include conftest.c >&5
warning: optimization level '-O6' is not supported; using '-O3' instead
1 warning generated.
configure:2517: $? = 0
configure:2538: result: o
configure:2542: checking whether we are using the GNU C compiler
configure:2561: gcc -c -O6 -I/usr/local/include conftest.c >&5
warning: optimization level '-O6' is not supported; using '-O3' instead
1 warning generated.
configure:2561: $? = 0
configure:2570: result: yes
configure:2579: checking whether gcc accepts -g
configure:2599: gcc -c -g -I/usr/local/include conftest.c >&5
configure:2599: $? = 0
configure:2640: result: yes
configure:2657: checking for gcc option to accept ISO C89
configure:2720: gcc  -c -O6 -I/usr/local/include conftest.c >&5
warning: optimization level '-O6' is not supported; using '-O3' instead
1 warning generated.
configure:2720: $? = 0
configure:2733: result: none needed
configure:2808: checking for Unix/Compiler flavour
configure:3364: result: Warning! Unimplemented version of gfortran encountered
configure:3427: result: DARWIN
configure:3595: checking for gcc
configure:3622: result: gcc
configure:3851: checking for C compiler version
configure:3860: gcc --version >&5
Apple clang version 14.0.0 (clang-1400.0.29.202)
Target: x86_64-apple-darwin21.6.0
Thread model: posix
InstalledDir: /Library/Developer/CommandLineTools/usr/bin
configure:3871: $? = 0
configure:3860: gcc -v >&5
Apple clang version 14.0.0 (clang-1400.0.29.202)
Target: x86_64-apple-darwin21.6.0
Thread model: posix
InstalledDir: /Library/Developer/CommandLineTools/usr/bin
configure:3871: $? = 0
configure:3860: gcc -V >&5
clang: error: argument to '-V' is missing (expected 1 value)
clang: error: no input files
configure:3871: $? = 1
configure:3860: gcc -qversion >&5
clang: error: unknown argument '-qversion'; did you mean '--version'?
clang: error: no input files
configure:3871: $? = 1
configure:3875: checking whether we are using the GNU C compiler
configure:3903: result: yes
configure:3912: checking whether gcc accepts -g
configure:3973: result: yes
configure:3990: checking for gcc option to accept ISO C89
configure:4066: result: none needed
configure:4088: checking for ranlib
configure:4104: found /usr/bin/ranlib
configure:4116: result: ranlib
configure:4126: checking for ar
configure:4142: found /usr/bin/ar
configure:4154: result: ar
configure:4164: checking for rpcgen
configure:4180: found /usr/bin/rpcgen
configure:4192: result: rpcgen
configure:4202: checking for perl
configure:4218: found /usr/bin/perl
configure:4230: result: perl
configure:5036: checking for Fortran 77 compiler

## ---------------- ##
## Cache variables. ##
## ---------------- ##

ac_cv_bbh_nproc=1
ac_cv_bbh_prog_f77=gfortran
ac_cv_bbh_system=DARWIN
ac_cv_c_compiler_gnu=yes
ac_cv_env_CC_set=set
ac_cv_env_CC_value=gcc
ac_cv_env_CFLAGS_set=set
ac_cv_env_CFLAGS_value=-O6
ac_cv_env_CPPFLAGS_set=set
ac_cv_env_CPPFLAGS_value=-I/usr/local/include
ac_cv_env_CPP_set=
ac_cv_env_CPP_value=
ac_cv_env_LDFLAGS_set=set
ac_cv_env_LDFLAGS_value=-L/usr/local/lib
ac_cv_env_LIBS_set=
ac_cv_env_LIBS_value=
ac_cv_env_build_alias_set=
ac_cv_env_build_alias_value=
ac_cv_env_host_alias_set=
ac_cv_env_host_alias_value=
ac_cv_env_target_alias_set=
ac_cv_env_target_alias_value=
ac_cv_objext=o
ac_cv_prog_AR=ar
ac_cv_prog_PERL=perl
ac_cv_prog_RANLIB=ranlib
ac_cv_prog_RPCGEN=rpcgen
ac_cv_prog_ac_ct_CC=gcc
ac_cv_prog_cc_c89=
ac_cv_prog_cc_g=yes

## ----------------- ##
## Output variables. ##
## ----------------- ##

AR='ar'
BBH_DEFS=''
BBH_HDFAPP_CLIBS=''
BBH_HDFAPP_FLIBS=''
BBH_MISC_FLFLAGS=''
BBH_MISC_FLIBS=''
BBH_NPROC='1'
BBH_RNPLAPP_CINC=''
BBH_RNPLAPP_CLIBS=''
BBH_RNPLAPP_DEFS=''
BBH_RNPLAPP_FINC=''
BBH_RNPLAPP_FLIBS=''
BBH_RNPLAPP_LPATHS=''
BBH_RNPLBLD_CLIBS=''
BBH_RNPL_FLAGS=''
BBH_RNPL_HDF_UTILITIES=''
BBH_SYSTEM='DARWIN'
BBH_UTIL_CCFLAGS=''
BBH_UTIL_LDFLAGS=''
BBH_UTIL_LIBS=''
CC='gcc'
CCF77LIBS='-lgfortran -lm'
CC_TRANSFORM='cat'
CFLAGS='-O6'
CFLAGS_NOOPT=''
CPP=''
CPPFLAGS='-I/usr/local/include -I/opt/local/include -DDARWIN -D__L -DWant_c_files'
CXXF90LIBS=''
CXXFLAGS='-O6 -DDARWIN -I/opt/local/include -D__L -DWant_c_files'
CXXREPOSITORY=''
DEFS=''
ECHO_C='\c'
ECHO_N=''
ECHO_T=''
EGREP=''
EXEEXT=''
F77='gfortran'
F77FLAGS='-O6 -fno-second-underscore'
F77FLAGSNOOPT='-fno-second-underscore'
F77INCSTEM=''
F77R8FLAG=''
F77_TRANSFORM='touch'
GREP=''
LDFLAGS='-L/usr/local/lib -L/usr/X11R6/lib -L/sw/lib -L/usr/local/gfortran/lib -L/opt/local/lib'
LIBGL='-lXpm -lGLU -lGL -lXext -lX11 -lm'
LIBGLUT='-lXpm -lglut -lGLU -lGL -lXmu -lXi -lXext -lX11 -lm'
LIBOBJS=''
LIBS=''
LTLIBOBJS=''
OBJEXT='o'
PACKAGE_BUGREPORT=''
PACKAGE_NAME=''
PACKAGE_STRING=''
PACKAGE_TARNAME=''
PACKAGE_URL=''
PACKAGE_VERSION=''
PATH_SEPARATOR=':'
PERL='perl'
RANLIB='ranlib'
RNPL=''
RPCGEN='rpcgen'
RPCGEN_CPPFLAGS='-U__STDC__'
SHELL='/bin/sh'
ac_ct_CC='gcc'
ac_cv_bbh_prog_f77='gfortran'
bindir='${exec_prefix}/bin'
build_alias=''
datadir='${datarootdir}'
datarootdir='${prefix}/share'
docdir='${datarootdir}/doc/${PACKAGE}'
dvidir='${docdir}'
exec_prefix='NONE'
host_alias=''
htmldir='${docdir}'
includedir='${prefix}/include'
infodir='${datarootdir}/info'
libdir='${exec_prefix}/lib'
libexecdir='${exec_prefix}/libexec'
localedir='${datarootdir}/locale'
localstatedir='${prefix}/var'
mandir='${datarootdir}/man'
oldincludedir='/usr/include'
pdfdir='${docdir}'
prefix='/usr/local'
program_transform_name='s,x,x,'
psdir='${docdir}'
sbindir='${exec_prefix}/sbin'
sharedstatedir='${prefix}/com'
sysconfdir='${prefix}/etc'
target_alias=''

## ----------- ##
## confdefs.h. ##
## ----------- ##

/* confdefs.h */
#define PACKAGE_NAME ""
#define PACKAGE_TARNAME ""
#define PACKAGE_VERSION ""
#define PACKAGE_STRING ""
#define PACKAGE_BUGREPORT ""
#define PACKAGE_URL ""

configure: caught signal 2
configure: exit 1
