This file contains any messages produced by compilers while
running configure, to aid debugging if configure makes a mistake.

It was created by configure, which was
generated by GNU Autoconf 2.69.  Invocation command line was

  $ configure --prefix=/tmp

## --------- ##
## Platform. ##
## --------- ##

hostname = bh0.phas.ubc.ca
uname -m = x86_64
uname -r = 3.12.21-desktop-2.mga4
uname -s = Linux
uname -v = #1 SMP Thu Jun 5 21:33:44 UTC 2014

/usr/bin/uname -p = x86_64
/bin/uname -X     = unknown

/bin/arch              = x86_64
/usr/bin/arch -k       = unknown
/usr/convex/getsysinfo = unknown
/usr/bin/hostinfo      = unknown
/bin/machine           = unknown
/usr/bin/oslevel       = unknown
/bin/universe          = unknown

PATH: /usr/local/intel/openmpi/bin
PATH: /usr/local/openmpi/bin
PATH: /usr/local/intel/openmpi/bin
PATH: .
PATH: ..
PATH: /d/bh0/home/matt/bin
PATH: /d/bh0/home/matt/scripts
PATH: /d/bh0/home/matt/scripts/people
PATH: .
PATH: /d/bh0/home/matt/bin
PATH: /d/bh0/home/matt/scripts
PATH: /usr/local/bin
PATH: /usr/bin
PATH: /usr/local/bin
PATH: /usr/X11R6/bin
PATH: /opt/maple16/bin
PATH: /usr/local/openmpi/bin
PATH: /opt/intel/bin
PATH: ../bin


## ----------- ##
## Core tests. ##
## ----------- ##

configure:2151: checking for gcc
configure:2178: result: icc
configure:2407: checking for C compiler version
configure:2416: icc --version >&5
icc (ICC) 13.1.1 20130313
Copyright (C) 1985-2013 Intel Corporation.  All rights reserved.

configure:2427: $? = 0
configure:2416: icc -v >&5
icc version 13.1.1 (gcc version 4.7.0 compatibility)
configure:2427: $? = 0
configure:2416: icc -V >&5
Intel(R) C Intel(R) 64 Compiler XE for applications running on Intel(R) 64, Version 13.1.1.163 Build 20130313
Copyright (C) 1985-2013 Intel Corporation.  All rights reserved.
FOR NON-COMMERCIAL USE ONLY

configure:2427: $? = 0
configure:2416: icc -qversion >&5
icc: command line warning #10006: ignoring unknown option '-qversion'
icc: command line error: no files specified; for help type "icc -help"
configure:2427: $? = 1
configure:2447: checking whether the C compiler works
configure:2469: icc -fast -I/usr/local/intel/include -I/usr/local/include  -fast -L/usr/local/intel/lib -L/usr/local/lib conftest.c  >&5
ld: cannot find -lm
ld: cannot find -lc
ld: cannot find -ldl
ld: cannot find -lc
configure:2473: $? = 1
configure:2511: result: no
configure: failed program was:
| /* confdefs.h */
| #define PACKAGE_NAME ""
| #define PACKAGE_TARNAME ""
| #define PACKAGE_VERSION ""
| #define PACKAGE_STRING ""
| #define PACKAGE_BUGREPORT ""
| #define PACKAGE_URL ""
| /* end confdefs.h.  */
| 
| int
| main ()
| {
| 
|   ;
|   return 0;
| }
configure:2516: error: in `/d/bh0/home/matt/autoconf/vutil':
configure:2518: error: C compiler cannot create executables
See `config.log' for more details

## ---------------- ##
## Cache variables. ##
## ---------------- ##

ac_cv_env_CC_set=set
ac_cv_env_CC_value=icc
ac_cv_env_CFLAGS_set=set
ac_cv_env_CFLAGS_value='-fast -I/usr/local/intel/include -I/usr/local/include'
ac_cv_env_CPPFLAGS_set=set
ac_cv_env_CPPFLAGS_value=
ac_cv_env_CPP_set=
ac_cv_env_CPP_value=
ac_cv_env_LDFLAGS_set=set
ac_cv_env_LDFLAGS_value='-fast -L/usr/local/intel/lib -L/usr/local/lib'
ac_cv_env_LIBS_set=
ac_cv_env_LIBS_value=
ac_cv_env_build_alias_set=
ac_cv_env_build_alias_value=
ac_cv_env_host_alias_set=
ac_cv_env_host_alias_value=
ac_cv_env_target_alias_set=
ac_cv_env_target_alias_value=
ac_cv_prog_ac_ct_CC=icc

## ----------------- ##
## Output variables. ##
## ----------------- ##

AR=''
BBH_DEFS=''
BBH_MISC_FLFLAGS=''
BBH_MISC_FLIBS=''
BBH_NPROC=''
BBH_RNPL_FLAGS=''
BBH_SYSTEM=''
CC='icc'
CCF77LIBS='-lsvml -lifcore -lm'
CC_TRANSFORM=''
CFLAGS='-fast -I/usr/local/intel/include -I/usr/local/include'
CFLAGS_NOOPT='-I/usr/local/intel/include -I/usr/local/include '
CPP=''
CPPFLAGS=''
CXXF90LIBS=''
CXXFLAGS='-fast -I/usr/local/intel/include -I/usr/local/include'
CXXREPOSITORY=''
DEFS=''
ECHO_C=''
ECHO_N='-n'
ECHO_T=''
EGREP=''
EXEEXT=''
F77='ifort'
F77FLAGS='-fast -w -w90 -w95 -cm -Vaxlib'
F77FLAGSNOOPT='-g  -w -w90 -w95 -cm -Vaxlib'
F77INCSTEM=''
F77R8FLAG=''
F77_TRANSFORM=''
GREP=''
LDFLAGS='-fast -L/usr/local/intel/lib -L/usr/local/lib'
LIBGL=''
LIBGLUT=''
LIBOBJS=''
LIBS=''
LTLIBOBJS=''
OBJEXT=''
PACKAGE_BUGREPORT=''
PACKAGE_NAME=''
PACKAGE_STRING=''
PACKAGE_TARNAME=''
PACKAGE_URL=''
PACKAGE_VERSION=''
PATH_SEPARATOR=':'
PERL=''
RANLIB=''
RPCGEN_CPPFLAGS=''
SHELL='/bin/sh'
ac_ct_CC='icc'
ac_cv_bbh_prog_f77=''
bindir='${exec_prefix}/bin'
build_alias=''
datadir='${datarootdir}'
datarootdir='${prefix}/share'
docdir='${datarootdir}/doc/${PACKAGE}'
dvidir='${docdir}'
exec_prefix='NONE'
host_alias=''
htmldir='${docdir}'
includedir='${prefix}/include'
infodir='${datarootdir}/info'
libdir='${exec_prefix}/lib'
libexecdir='${exec_prefix}/libexec'
localedir='${datarootdir}/locale'
localstatedir='${prefix}/var'
mandir='${datarootdir}/man'
oldincludedir='/usr/include'
pdfdir='${docdir}'
prefix='/tmp'
program_transform_name='s,x,x,'
psdir='${docdir}'
sbindir='${exec_prefix}/sbin'
sharedstatedir='${prefix}/com'
sysconfdir='${prefix}/etc'
target_alias=''

## ----------- ##
## confdefs.h. ##
## ----------- ##

/* confdefs.h */
#define PACKAGE_NAME ""
#define PACKAGE_TARNAME ""
#define PACKAGE_VERSION ""
#define PACKAGE_STRING ""
#define PACKAGE_BUGREPORT ""
#define PACKAGE_URL ""

configure: exit 77
